<?xml version="1.0" encoding="UTF-8"?>
<!-- Generated by org.testng.reporters.JUnitReportReporter -->
<testsuite hostname="fv-az1372-303" failures="0" tests="1" name="tests.AliExpressTest" time="57.207" errors="0" timestamp="2025-01-27T09:14:48 UTC" skipped="0">
  <testcase classname="tests.AliExpressTest" name="testSearchProduct" time="57.207"/>
</testsuite> <!-- tests.AliExpressTest -->
