<?xml version="1.0" encoding="UTF-8"?>
<!-- Generated by org.testng.reporters.JUnitReportReporter -->
<testsuite hostname="MacBookPro.lan" failures="0" tests="1" name="tests.AliExpressTest" time="4.410" errors="0" timestamp="2025-01-26T08:15:49 CET" skipped="0">
  <testcase classname="tests.AliExpressTest" name="testSearchProduct" time="4.410"/>
</testsuite> <!-- tests.AliExpressTest -->
